-------------------------------------------------------------------------------
Test set: main.java.org.fpij.jitakyoei.model.dao.AlunoDaoTest
-------------------------------------------------------------------------------
Tests run: 4, Failures: 0, Errors: 1, Skipped: 0, Time elapsed: 0.442 s <<< FAILURE! - in main.java.org.fpij.jitakyoei.model.dao.AlunoDaoTest
main.java.org.fpij.jitakyoei.model.dao.AlunoDaoTest.testListarEAdicionarAlunos  Time elapsed: 0.008 s  <<< ERROR!
java.lang.NullPointerException
	at main.java.org.fpij.jitakyoei.model.dao.AlunoDaoTest.testListarEAdicionarAlunos(AlunoDaoTest.java:114)

