<?xml version="1.0" encoding="UTF-8"?>
<testsuite xmlns:xsi="http://www.w3.org/2001/XMLSchema-instance" xsi:noNamespaceSchemaLocation="https://maven.apache.org/surefire/maven-surefire-plugin/xsd/surefire-test-report-3.0.xsd" version="3.0" name="test.java.org.fpij.jitakyoei.util.CorFaixaTest" time="0.001" tests="3" errors="0" skipped="0" failures="0">
  <properties>
[...]
</properties>
  <testcase name="testGetDescricao" classname="test.java.org.fpij.jitakyoei.util.CorFaixaTest" time="0"/>
  <testcase name="testToString" classname="test.java.org.fpij.jitakyoei.util.CorFaixaTest" time="0"/>
  <testcase name="testGetCoresFaixa" classname="test.java.org.fpij.jitakyoei.util.CorFaixaTest" time="0"/>
</testsuite>