<?xml version="1.0" encoding="UTF-8"?>
<testsuite xmlns:xsi="http://www.w3.org/2001/XMLSchema-instance" xsi:noNamespaceSchemaLocation="https://maven.apache.org/surefire/maven-surefire-plugin/xsd/surefire-test-report-3.0.xsd" version="3.0" name="test.java.org.fpij.jitakyoei.model.dao.AlunoDaoTest" time="0.337" tests="4" errors="1" skipped="0" failures="0">
  <properties>
[...]
</properties>
  <testcase name="testSearchAluno" classname="test.java.org.fpij.jitakyoei.model.dao.AlunoDaoTest" time="0.076">
    <system-out><![CDATA[DAOImpl.save()
Nome: Aécio
RegistroCbj: null
DataNasc: Mon Dec 02 16:44:48 BRT 2024
E-mail: null
CPF: 036.464.453-27
]]></system-out>
  </testcase>
  <testcase name="testSalvarAlunoComAssociassoes" classname="test.java.org.fpij.jitakyoei.model.dao.AlunoDaoTest" time="0.005">
    <system-out><![CDATA[DAOImpl.save()
Nome: Aécio
RegistroCbj: null
DataNasc: Mon Dec 02 16:44:48 BRT 2024
E-mail: null
CPF: 036.464.453-27
]]></system-out>
  </testcase>
  <testcase name="updateAluno" classname="test.java.org.fpij.jitakyoei.model.dao.AlunoDaoTest" time="0.01">
    <system-out><![CDATA[DAOImpl.save()
Nome: Aécio
RegistroCbj: null
DataNasc: Mon Dec 02 16:44:48 BRT 2024
E-mail: null
CPF: 036.464.453-27
DAOImpl.save()
Nome: TesteUpdate
RegistroCbj: null
DataNasc: Mon Dec 02 16:44:48 BRT 2024
E-mail: null
CPF: 036.464.453-27
]]></system-out>
  </testcase>
  <testcase name="testListarEAdicionarAlunos" classname="test.java.org.fpij.jitakyoei.model.dao.AlunoDaoTest" time="0">
    <error type="java.lang.NullPointerException"><![CDATA[java.lang.NullPointerException
	at test.java.org.fpij.jitakyoei.model.dao.AlunoDaoTest.testListarEAdicionarAlunos(AlunoDaoTest.java:113)
]]></error>
    <system-out><![CDATA[DAOImpl.save()
]]></system-out>
  </testcase>
</testsuite>